2025-04-14 20:08:02,071 - core.indexadores - INFO - Creando proyección de indexadores en C:\Users\JOSE\Documents\GitHub\AutomatizacionPyomo\data\datos_iniciales.xlsx
2025-04-14 20:08:02,356 - core.utils - INFO - La hoja 'PROYECCIÓN INDEXADORES' no existe en C:\Users\JOSE\Documents\GitHub\AutomatizacionPyomo\data\datos_iniciales.xlsx, no es necesario eliminarla
2025-04-14 20:08:02,356 - core.utils - WARNING - Se está sobreescribiendo el parámetro 'sheet_name' en leer_excel_seguro
2025-04-14 20:08:02,368 - core.utils - WARNING - Se está sobreescribiendo el parámetro 'sheet_name' en leer_excel_seguro
2025-04-14 20:08:06,661 - core.utils - INFO - DataFrame guardado correctamente en C:\Users\JOSE\Documents\GitHub\AutomatizacionPyomo\data\datos_iniciales.xlsx (hoja: PROYECCIÓN INDEXADORES)
2025-04-14 20:08:06,661 - core.indexadores - INFO - Proyección de indexadores creada correctamente
2025-04-14 20:10:37,130 - core.indexadores - INFO - Creando proyección de precios SICEP en C:\Users\JOSE\Documents\GitHub\AutomatizacionPyomo\data\datos_iniciales.xlsx
2025-04-14 20:10:37,370 - core.utils - INFO - La hoja 'PROYECCIÓN PRECIO SICEP' no existe en C:\Users\JOSE\Documents\GitHub\AutomatizacionPyomo\data\datos_iniciales.xlsx, no es necesario eliminarla
2025-04-14 20:10:37,384 - core.indexadores - INFO - Precios por año: {2025: 330.0, 2026: 343.2, 2027: 356.93}
2025-04-14 20:10:47,667 - core.indexadores - INFO - IPP base en fecha 2024-06-01: 178.94
2025-04-14 20:10:47,672 - core.indexadores - INFO - Precio base para 2024-06-01: 330.0
2025-04-14 20:10:48,648 - core.utils - INFO - DataFrame guardado correctamente en C:\Users\JOSE\Documents\GitHub\AutomatizacionPyomo\data\datos_iniciales.xlsx (hoja: PROYECCIÓN PRECIO SICEP)
2025-04-14 20:10:48,648 - core.indexadores - INFO - Proyección de precios SICEP creada correctamente con 66 registros
2025-04-14 20:13:03,882 - core.ofertas - INFO - Procesando PRECIO SICEP desde C:\Users\JOSE\Documents\GitHub\AutomatizacionPyomo\data\datos_iniciales.xlsx
2025-04-14 20:13:03,902 - core.ofertas - INFO - PRECIO SICEP procesado correctamente: 66 períodos
2025-04-14 20:13:03,903 - core.ofertas - INFO - Procesando ofertas en C:\Users\JOSE\Documents\GitHub\AutomatizacionPyomo\OFERTAS
2025-04-14 20:14:05,618 - core.ofertas - INFO - Procesando PRECIO SICEP desde C:\Users\JOSE\Documents\GitHub\AutomatizacionPyomo\data\datos_iniciales.xlsx
2025-04-14 20:14:05,643 - core.ofertas - INFO - PRECIO SICEP procesado correctamente: 66 períodos
2025-04-14 20:14:05,643 - core.ofertas - INFO - Procesando PRECIO BOLSA desde C:\Users\JOSE\Documents\GitHub\AutomatizacionPyomo\data\datos_iniciales.xlsx
2025-04-14 20:14:05,667 - core.ofertas - INFO - PRECIO BOLSA procesado correctamente: 175 períodos
2025-04-14 20:14:05,668 - core.ofertas - INFO - Procesando oferta: OP1_Wide -AES
2025-04-14 20:14:40,994 - core.ofertas - INFO - Procesando oferta: OP1_Wide- BTG
2025-04-14 20:14:50,219 - core.ofertas - WARNING - Se encontró una fecha nula en la oferta OP1_Wide- BTG, omitiendo esta entrada
2025-04-14 20:14:57,896 - core.ofertas - WARNING - Se encontró una fecha nula en la oferta OP1_Wide- BTG, omitiendo esta entrada
2025-04-14 20:15:05,814 - core.ofertas - WARNING - Se encontró una fecha nula en la oferta OP1_Wide- BTG, omitiendo esta entrada
2025-04-14 20:15:13,729 - core.ofertas - WARNING - Se encontró una fecha nula en la oferta OP1_Wide- BTG, omitiendo esta entrada
2025-04-14 20:15:29,667 - core.ofertas - INFO - Resultados guardados en C:\Users\JOSE\Documents\GitHub\AutomatizacionPyomo\output\resultado_ofertas.xlsx
2025-04-14 20:45:59,102 - __main__ - INFO - Leyendo datos de demanda desde C:\Users\JOSE\Documents\GitHub\AutomatizacionPyomo\data\datos_iniciales.xlsx (hoja: DEMANDA)
2025-04-14 20:45:59,585 - __main__ - INFO - Datos de demanda leídos correctamente: 43824 registros
2025-04-14 20:46:02,223 - core.evaluacion - INFO - Se leyeron 34536 ofertas, de las cuales 16176 son válidas para optimización
2025-04-14 20:46:02,224 - optimizacion.modelo - INFO - Construyendo modelo de optimización...
2025-04-14 20:46:05,945 - optimizacion.modelo - INFO - Modelo construido con 16176 combinaciones de ofertas válidas
2025-04-14 20:46:05,950 - optimizacion.solver - INFO - Resolviendo modelo de optimización (tiempo límite: 600 segundos)...
2025-04-14 20:46:05,951 - optimizacion.solver - INFO - Ruta del solver CBC: C:\Users\JOSE\Documents\GitHub\AutomatizacionPyomo\CBC\cbc.exe
2025-04-14 20:46:11,172 - optimizacion.solver - INFO - Se encontró una solución óptima
2025-04-14 20:46:11,319 - optimizacion.solver - INFO - Valor de la función objetivo: 5.268650376079509e+19
2025-04-14 20:46:11,320 - optimizacion.modelo - INFO - Extrayendo resultados del modelo...
2025-04-14 20:46:15,613 - optimizacion.modelo - INFO - Demanda total: 5683650354.00 kWh
2025-04-14 20:46:15,614 - optimizacion.modelo - INFO - Energía asignada total: 414999998.39 kWh
2025-04-14 20:46:15,614 - optimizacion.modelo - INFO - Déficit total: 5268650360.88 kWh
2025-04-14 20:46:15,614 - optimizacion.modelo - INFO - Porcentaje cubierto: 7.30%
2025-04-14 20:46:15,614 - optimizacion.modelo - INFO - Porcentaje déficit: 92.70%
2025-04-14 20:46:15,632 - core.evaluacion - INFO - Exportando resultados al archivo: C:\Users\JOSE\Documents\GitHub\AutomatizacionPyomo\output\resultado_ofertas.xlsx
2025-04-14 20:46:21,824 - core.evaluacion - INFO - Hoja exportada: DEMANDA ASIGNADA OP1_Wide -AES 
2025-04-14 20:46:22,182 - core.evaluacion - INFO - Hoja exportada: DEMANDA ASIGNADA OP1_Wide -AES 
2025-04-14 20:46:22,872 - core.evaluacion - INFO - Hoja exportada: DEMANDA ASIGNADA OP1_Wide -AES 
2025-04-14 20:46:23,212 - core.evaluacion - INFO - Hoja exportada: DEMANDA ASIGNADA OP1_Wide -AES 
2025-04-14 20:46:23,543 - core.evaluacion - INFO - Hoja exportada: DEMANDA ASIGNADA OP1_Wide -AES 
2025-04-14 20:46:23,888 - core.evaluacion - INFO - Hoja exportada: DEMANDA ASIGNADA OP1_Wide -AES 
2025-04-14 20:46:24,233 - core.evaluacion - INFO - Hoja exportada: DEMANDA ASIGNADA OP1_Wide -AES 
2025-04-14 20:46:25,087 - core.evaluacion - INFO - Hoja exportada: DEMANDA ASIGNADA OP1_Wide -AES 
2025-04-14 20:46:25,437 - core.evaluacion - INFO - Hoja exportada: DEMANDA ASIGNADA OP1_Wide -AES 
2025-04-14 20:46:25,761 - core.evaluacion - INFO - Hoja exportada: DEMANDA ASIGNADA OP1_Wide -AES 
2025-04-14 20:46:26,094 - core.evaluacion - INFO - Hoja exportada: DEMANDA ASIGNADA OP1_Wide -AES 
2025-04-14 20:46:26,446 - core.evaluacion - INFO - Hoja exportada: DEMANDA ASIGNADA OP1_Wide -AES 
2025-04-14 20:46:27,398 - core.evaluacion - INFO - Hoja exportada: DEMANDA ASIGNADA OP1_Wide -AES 
2025-04-14 20:46:27,748 - core.evaluacion - INFO - Hoja exportada: DEMANDA ASIGNADA OP1_Wide -AES 
2025-04-14 20:46:28,231 - core.evaluacion - INFO - Hoja exportada: DEMANDA ASIGNADA OP1_Wide -AES 
2025-04-14 20:46:28,595 - core.evaluacion - INFO - Hoja exportada: DEMANDA ASIGNADA OP1_Wide -AES 
2025-04-14 20:46:29,001 - core.evaluacion - INFO - Hoja exportada: DEMANDA ASIGNADA OP1_Wide -AES 
2025-04-14 20:46:29,888 - core.evaluacion - INFO - Hoja exportada: DEMANDA ASIGNADA OP1_Wide -AES 
2025-04-14 20:46:30,212 - core.evaluacion - INFO - Hoja exportada: DEMANDA ASIGNADA OP1_Wide -AES 
2025-04-14 20:46:30,544 - core.evaluacion - INFO - Hoja exportada: DEMANDA ASIGNADA OP1_Wide -AES 
2025-04-14 20:46:30,874 - core.evaluacion - INFO - Hoja exportada: DEMANDA ASIGNADA OP1_Wide -AES 
2025-04-14 20:46:31,221 - core.evaluacion - INFO - Hoja exportada: DEMANDA ASIGNADA OP1_Wide -AES 
2025-04-14 20:46:32,065 - core.evaluacion - INFO - Hoja exportada: DEMANDA ASIGNADA OP1_Wide -AES 
2025-04-14 20:46:32,394 - core.evaluacion - INFO - Hoja exportada: DEMANDA ASIGNADA OP1_Wide -AES 
2025-04-14 20:46:32,708 - core.evaluacion - INFO - Hoja exportada: DEMANDA ASIGNADA OP1_Wide -AES 
2025-04-14 20:46:32,895 - core.evaluacion - INFO - Hoja exportada: DEMANDA FALTANTE
2025-04-14 20:46:32,897 - core.evaluacion - INFO - Hoja exportada: RESUMEN
2025-04-14 20:46:40,409 - core.evaluacion - WARNING - No hay ofertas para calcular estadísticas
